1637588906771	geckodriver	INFO	Listening on 127.0.0.1:55236
1637588907306	mozrunner::runner	INFO	Running command: "/Applications/Firefox.app/Contents/MacOS/firefox-bin" "--marionette" "--remote-debugging-port" "55237" "-foreground" "-no-remote" "-profile" "/var/folders/s6/nxj_k6112bj7cnd89_8b9l0c0000gn/T/rust_mozprofilei6Bcj3"
1637588908015	Marionette	INFO	Marionette enabled
console.warn: SearchSettings: "get: No settings file exists, new profile?" (new NotFoundError("Could not open the file at /var/folders/s6/nxj_k6112bj7cnd89_8b9l0c0000gn/T/rust_mozprofilei6Bcj3/search.json.mozlz4", (void 0)))
console.error: BackgroundUpdate: 
  _reasonsToNotScheduleUpdates: Failed to check for Maintenance Service Registry Key: [Exception... "Component returned failure code: 0x80004001 (NS_ERROR_NOT_IMPLEMENTED) [nsIUpdateProcessor.getServiceRegKeyExists]"  nsresult: "0x80004001 (NS_ERROR_NOT_IMPLEMENTED)"  location: "JS frame :: resource://gre/modules/BackgroundUpdate.jsm :: _reasonsToNotScheduleUpdates :: line 243"  data: no]
DevTools listening on ws://localhost:55237/devtools/browser/f1186ad0-b460-3846-8cd5-2944a85f5296
1637588911397	Marionette	INFO	Listening on port 55244
1637588911461	RemoteAgent	WARN	TLS certificate errors will be ignored for this session
1637588975513	geckodriver	INFO	Listening on 127.0.0.1:55357
1637588976026	mozrunner::runner	INFO	Running command: "/Applications/Firefox.app/Contents/MacOS/firefox-bin" "--marionette" "--remote-debugging-port" "55358" "-foreground" "-no-remote" "-profile" "/var/folders/s6/nxj_k6112bj7cnd89_8b9l0c0000gn/T/rust_mozprofile9rAd4E"
1637588976667	Marionette	INFO	Marionette enabled
console.warn: SearchSettings: "get: No settings file exists, new profile?" (new NotFoundError("Could not open the file at /var/folders/s6/nxj_k6112bj7cnd89_8b9l0c0000gn/T/rust_mozprofile9rAd4E/search.json.mozlz4", (void 0)))
console.error: BackgroundUpdate: 
  _reasonsToNotScheduleUpdates: Failed to check for Maintenance Service Registry Key: [Exception... "Component returned failure code: 0x80004001 (NS_ERROR_NOT_IMPLEMENTED) [nsIUpdateProcessor.getServiceRegKeyExists]"  nsresult: "0x80004001 (NS_ERROR_NOT_IMPLEMENTED)"  location: "JS frame :: resource://gre/modules/BackgroundUpdate.jsm :: _reasonsToNotScheduleUpdates :: line 243"  data: no]
DevTools listening on ws://localhost:55358/devtools/browser/236542de-2ded-c84e-8a5b-4c6ce98ac251
1637588979679	Marionette	INFO	Listening on port 55365
1637588979774	RemoteAgent	WARN	TLS certificate errors will be ignored for this session
1637588987550	Marionette	WARN	TimedPromise timed out after 500 ms: stacktrace:
TimedPromise/<@chrome://remote/content/marionette/sync.js:238:19
TimedPromise@chrome://remote/content/marionette/sync.js:223:10
interaction.flushEventLoop@chrome://remote/content/marionette/interaction.js:431:10
webdriverClickElement@chrome://remote/content/marionette/interaction.js:179:31
JavaScript error: resource://gre/actors/AutoCompleteChild.jsm, line 125: Error: Invalid autocomplete selectedIndex
console.log: WebExtensions: reset-default-search: starting.
console.log: WebExtensions: reset-default-search: No addons in our list are installed.
console.log: WebExtensions: reset-default-search: starting.
console.log: WebExtensions: reset-default-search: No addons in our list are installed.
1637589562478	geckodriver	INFO	Listening on 127.0.0.1:55531
1637589562993	mozrunner::runner	INFO	Running command: "/Applications/Firefox.app/Contents/MacOS/firefox-bin" "--marionette" "--remote-debugging-port" "55532" "-foreground" "-no-remote" "-profile" "/var/folders/s6/nxj_k6112bj7cnd89_8b9l0c0000gn/T/rust_mozprofilePAp1eP"
1637589563716	Marionette	INFO	Marionette enabled
console.warn: SearchSettings: "get: No settings file exists, new profile?" (new NotFoundError("Could not open the file at /var/folders/s6/nxj_k6112bj7cnd89_8b9l0c0000gn/T/rust_mozprofilePAp1eP/search.json.mozlz4", (void 0)))
console.error: BackgroundUpdate: 
  _reasonsToNotScheduleUpdates: Failed to check for Maintenance Service Registry Key: [Exception... "Component returned failure code: 0x80004001 (NS_ERROR_NOT_IMPLEMENTED) [nsIUpdateProcessor.getServiceRegKeyExists]"  nsresult: "0x80004001 (NS_ERROR_NOT_IMPLEMENTED)"  location: "JS frame :: resource://gre/modules/BackgroundUpdate.jsm :: _reasonsToNotScheduleUpdates :: line 243"  data: no]
DevTools listening on ws://localhost:55532/devtools/browser/ffa9ef34-6da3-c748-95d8-4cafa612a891
1637589566502	Marionette	INFO	Listening on port 55539
1637589566569	RemoteAgent	WARN	TLS certificate errors will be ignored for this session
console.log: WebExtensions: reset-default-search: starting.
console.log: WebExtensions: reset-default-search: No addons in our list are installed.
JavaScript error: resource://gre/actors/AutoCompleteChild.jsm, line 125: Error: Invalid autocomplete selectedIndex
JavaScript error: resource://gre/actors/AutoCompleteChild.jsm, line 125: Error: Invalid autocomplete selectedIndex
JavaScript error: resource://gre/actors/AutoCompleteChild.jsm, line 125: Error: Invalid autocomplete selectedIndex
1637590274290	geckodriver	INFO	Listening on 127.0.0.1:55790
1637590274831	mozrunner::runner	INFO	Running command: "/Applications/Firefox.app/Contents/MacOS/firefox-bin" "--marionette" "--remote-debugging-port" "55791" "-foreground" "-no-remote" "-profile" "/var/folders/s6/nxj_k6112bj7cnd89_8b9l0c0000gn/T/rust_mozprofile55SGjN"
1637590275989	Marionette	INFO	Marionette enabled
console.warn: SearchSettings: "get: No settings file exists, new profile?" (new NotFoundError("Could not open the file at /var/folders/s6/nxj_k6112bj7cnd89_8b9l0c0000gn/T/rust_mozprofile55SGjN/search.json.mozlz4", (void 0)))
console.error: BackgroundUpdate: 
  _reasonsToNotScheduleUpdates: Failed to check for Maintenance Service Registry Key: [Exception... "Component returned failure code: 0x80004001 (NS_ERROR_NOT_IMPLEMENTED) [nsIUpdateProcessor.getServiceRegKeyExists]"  nsresult: "0x80004001 (NS_ERROR_NOT_IMPLEMENTED)"  location: "JS frame :: resource://gre/modules/BackgroundUpdate.jsm :: _reasonsToNotScheduleUpdates :: line 243"  data: no]
DevTools listening on ws://localhost:55791/devtools/browser/db185764-10e6-fe43-b55a-82f2b8d17107
1637590278984	Marionette	INFO	Listening on port 55798
1637590279061	RemoteAgent	WARN	TLS certificate errors will be ignored for this session
1637590288460	Marionette	WARN	TimedPromise timed out after 500 ms: stacktrace:
TimedPromise/<@chrome://remote/content/marionette/sync.js:238:19
TimedPromise@chrome://remote/content/marionette/sync.js:223:10
interaction.flushEventLoop@chrome://remote/content/marionette/interaction.js:431:10
webdriverClickElement@chrome://remote/content/marionette/interaction.js:179:31
1637590551067	geckodriver	INFO	Listening on 127.0.0.1:55924
1637590551577	mozrunner::runner	INFO	Running command: "/Applications/Firefox.app/Contents/MacOS/firefox-bin" "--marionette" "--remote-debugging-port" "55925" "-foreground" "-no-remote" "-profile" "/var/folders/s6/nxj_k6112bj7cnd89_8b9l0c0000gn/T/rust_mozprofile6SNxx9"
1637590552416	Marionette	INFO	Marionette enabled
console.warn: SearchSettings: "get: No settings file exists, new profile?" (new NotFoundError("Could not open the file at /var/folders/s6/nxj_k6112bj7cnd89_8b9l0c0000gn/T/rust_mozprofile6SNxx9/search.json.mozlz4", (void 0)))
console.error: BackgroundUpdate: 
  _reasonsToNotScheduleUpdates: Failed to check for Maintenance Service Registry Key: [Exception... "Component returned failure code: 0x80004001 (NS_ERROR_NOT_IMPLEMENTED) [nsIUpdateProcessor.getServiceRegKeyExists]"  nsresult: "0x80004001 (NS_ERROR_NOT_IMPLEMENTED)"  location: "JS frame :: resource://gre/modules/BackgroundUpdate.jsm :: _reasonsToNotScheduleUpdates :: line 243"  data: no]
DevTools listening on ws://localhost:55925/devtools/browser/ac78f58e-06b1-ea42-831d-90a6bdc25c40
1637590555162	Marionette	INFO	Listening on port 55932
1637590555208	RemoteAgent	WARN	TLS certificate errors will be ignored for this session
1637590632849	geckodriver	INFO	Listening on 127.0.0.1:56119
1637590633369	mozrunner::runner	INFO	Running command: "/Applications/Firefox.app/Contents/MacOS/firefox-bin" "--marionette" "--remote-debugging-port" "56120" "-foreground" "-no-remote" "-profile" "/var/folders/s6/nxj_k6112bj7cnd89_8b9l0c0000gn/T/rust_mozprofileH077iU"
1637590634293	Marionette	INFO	Marionette enabled
console.warn: SearchSettings: "get: No settings file exists, new profile?" (new NotFoundError("Could not open the file at /var/folders/s6/nxj_k6112bj7cnd89_8b9l0c0000gn/T/rust_mozprofileH077iU/search.json.mozlz4", (void 0)))
console.error: BackgroundUpdate: 
  _reasonsToNotScheduleUpdates: Failed to check for Maintenance Service Registry Key: [Exception... "Component returned failure code: 0x80004001 (NS_ERROR_NOT_IMPLEMENTED) [nsIUpdateProcessor.getServiceRegKeyExists]"  nsresult: "0x80004001 (NS_ERROR_NOT_IMPLEMENTED)"  location: "JS frame :: resource://gre/modules/BackgroundUpdate.jsm :: _reasonsToNotScheduleUpdates :: line 243"  data: no]
DevTools listening on ws://localhost:56120/devtools/browser/be43ab61-eacb-0743-bce1-4795d827787f
1637590637215	Marionette	INFO	Listening on port 56127
1637590637277	RemoteAgent	WARN	TLS certificate errors will be ignored for this session
console.log: WebExtensions: reset-default-search: starting.
console.log: WebExtensions: reset-default-search: No addons in our list are installed.
console.log: WebExtensions: reset-default-search: starting.
console.log: WebExtensions: reset-default-search: No addons in our list are installed.
console.log: WebExtensions: reset-default-search: starting.
console.log: WebExtensions: reset-default-search: No addons in our list are installed.
Exiting due to channel error.
Exiting due to channel error.
Exiting due to channel error.
Exiting due to channel error.
[GFX1-]: Receive IPC close with reason=AbnormalShutdown
Exiting due to channel error.
Exiting due to channel error.
Exiting due to channel error.
[GFX1-]: Receive IPC close with reason=AbnormalShutdown
Exiting due to channel error.
Exiting due to channel error.
Exiting due to channel error.
[GFX1-]: Receive IPC close with reason=AbnormalShutdown
Exiting due to channel error.
Exiting due to channel error.
[GFX1-]: Receive IPC close with reason=AbnormalShutdown
Exiting due to channel error.
Exiting due to channel error.
Exiting due to channel error.
[GFX1-]: Receive IPC close with reason=AbnormalShutdown
Exiting due to channel error.
Exiting due to channel error.
[GFX1-]: Receive IPC close with reason=AbnormalShutdown
[GFX1-]: Receive IPC close with reason=AbnormalShutdown
Exiting due to channel error.
Exiting due to channel error.
1637591286741	geckodriver::marionette	ERROR	Failed to close browser connection: Socket is not connected (os error 57)
1637591299952	geckodriver	INFO	Listening on 127.0.0.1:56274
1637591300475	mozrunner::runner	INFO	Running command: "/Applications/Firefox.app/Contents/MacOS/firefox-bin" "--marionette" "--remote-debugging-port" "56275" "-foreground" "-no-remote" "-profile" "/var/folders/s6/nxj_k6112bj7cnd89_8b9l0c0000gn/T/rust_mozprofileNZmfU8"
1637591301459	Marionette	INFO	Marionette enabled
console.warn: SearchSettings: "get: No settings file exists, new profile?" (new NotFoundError("Could not open the file at /var/folders/s6/nxj_k6112bj7cnd89_8b9l0c0000gn/T/rust_mozprofileNZmfU8/search.json.mozlz4", (void 0)))
console.error: BackgroundUpdate: 
  _reasonsToNotScheduleUpdates: Failed to check for Maintenance Service Registry Key: [Exception... "Component returned failure code: 0x80004001 (NS_ERROR_NOT_IMPLEMENTED) [nsIUpdateProcessor.getServiceRegKeyExists]"  nsresult: "0x80004001 (NS_ERROR_NOT_IMPLEMENTED)"  location: "JS frame :: resource://gre/modules/BackgroundUpdate.jsm :: _reasonsToNotScheduleUpdates :: line 243"  data: no]
DevTools listening on ws://localhost:56275/devtools/browser/967b4820-caeb-b144-9e96-107336f3d5ec
1637591304024	Marionette	INFO	Listening on port 56282
1637591304140	RemoteAgent	WARN	TLS certificate errors will be ignored for this session
1637591311832	Marionette	WARN	TimedPromise timed out after 500 ms: stacktrace:
TimedPromise/<@chrome://remote/content/marionette/sync.js:238:19
TimedPromise@chrome://remote/content/marionette/sync.js:223:10
interaction.flushEventLoop@chrome://remote/content/marionette/interaction.js:431:10
webdriverClickElement@chrome://remote/content/marionette/interaction.js:179:31
1637591506248	Marionette	INFO	Stopped listening on port 56282
JavaScript error: resource:///modules/Interactions.jsm, line 230: NS_ERROR_FAILURE: Component returned failure code: 0x80004005 (NS_ERROR_FAILURE) [nsIUserIdleService.removeIdleObserver]
JavaScript error: chrome://remote/content/marionette/cert.js, line 55: NS_ERROR_NOT_AVAILABLE: Component returned failure code: 0x80040111 (NS_ERROR_NOT_AVAILABLE) [nsICertOverrideService.setDisableAllSecurityChecksAndLetAttackersInterceptMyData]

###!!! [Parent][RunMessage] Error: Channel closing: too late to send/recv, messages will be lost

1637591508088	geckodriver	INFO	Listening on 127.0.0.1:56387
1637591508609	mozrunner::runner	INFO	Running command: "/Applications/Firefox.app/Contents/MacOS/firefox-bin" "--marionette" "--remote-debugging-port" "56388" "-foreground" "-no-remote" "-profile" "/var/folders/s6/nxj_k6112bj7cnd89_8b9l0c0000gn/T/rust_mozprofilegMD9US"
1637591509106	Marionette	INFO	Marionette enabled
console.warn: SearchSettings: "get: No settings file exists, new profile?" (new NotFoundError("Could not open the file at /var/folders/s6/nxj_k6112bj7cnd89_8b9l0c0000gn/T/rust_mozprofilegMD9US/search.json.mozlz4", (void 0)))
console.error: BackgroundUpdate: 
  _reasonsToNotScheduleUpdates: Failed to check for Maintenance Service Registry Key: [Exception... "Component returned failure code: 0x80004001 (NS_ERROR_NOT_IMPLEMENTED) [nsIUpdateProcessor.getServiceRegKeyExists]"  nsresult: "0x80004001 (NS_ERROR_NOT_IMPLEMENTED)"  location: "JS frame :: resource://gre/modules/BackgroundUpdate.jsm :: _reasonsToNotScheduleUpdates :: line 243"  data: no]
DevTools listening on ws://localhost:56388/devtools/browser/1386ca61-5a2b-2c47-a0b9-3ff3ad4050d0
1637591511476	Marionette	INFO	Listening on port 56395
1637591511542	RemoteAgent	WARN	TLS certificate errors will be ignored for this session
1637591547368	Marionette	INFO	Stopped listening on port 56395
JavaScript error: resource:///modules/Interactions.jsm, line 230: NS_ERROR_FAILURE: Component returned failure code: 0x80004005 (NS_ERROR_FAILURE) [nsIUserIdleService.removeIdleObserver]
JavaScript error: chrome://remote/content/marionette/cert.js, line 55: NS_ERROR_NOT_AVAILABLE: Component returned failure code: 0x80040111 (NS_ERROR_NOT_AVAILABLE) [nsICertOverrideService.setDisableAllSecurityChecksAndLetAttackersInterceptMyData]
1637591551226	geckodriver	INFO	Listening on 127.0.0.1:56498
1637591551249	mozrunner::runner	INFO	Running command: "/Applications/Firefox.app/Contents/MacOS/firefox-bin" "--marionette" "--remote-debugging-port" "56499" "-foreground" "-no-remote" "-profile" "/var/folders/s6/nxj_k6112bj7cnd89_8b9l0c0000gn/T/rust_mozprofilezsfQXw"
1637591551812	Marionette	INFO	Marionette enabled
console.warn: SearchSettings: "get: No settings file exists, new profile?" (new NotFoundError("Could not open the file at /var/folders/s6/nxj_k6112bj7cnd89_8b9l0c0000gn/T/rust_mozprofilezsfQXw/search.json.mozlz4", (void 0)))
console.error: BackgroundUpdate: 
  _reasonsToNotScheduleUpdates: Failed to check for Maintenance Service Registry Key: [Exception... "Component returned failure code: 0x80004001 (NS_ERROR_NOT_IMPLEMENTED) [nsIUpdateProcessor.getServiceRegKeyExists]"  nsresult: "0x80004001 (NS_ERROR_NOT_IMPLEMENTED)"  location: "JS frame :: resource://gre/modules/BackgroundUpdate.jsm :: _reasonsToNotScheduleUpdates :: line 243"  data: no]
DevTools listening on ws://localhost:56499/devtools/browser/f3f10c68-1d33-be43-bc96-a767af3ebcdb
1637591554365	Marionette	INFO	Listening on port 56504
1637591554441	RemoteAgent	WARN	TLS certificate errors will be ignored for this session
JavaScript error: resource://gre/modules/Sqlite.jsm, line 1110: NS_ERROR_FILE_ACCESS_DENIED: Could not open connection to /var/folders/s6/nxj_k6112bj7cnd89_8b9l0c0000gn/T/rust_mozprofilezsfQXw/protections.sqlite: 2152857621
2021-11-22 15:32:44.432 firefox-bin[72995:1587430] -[NSPersistentUIWindowSnapshotter writeWindowSnapshot:length:width:height:bytesPerRow:toFile:inDirectory:encryptingWithKey:uuid:checksum:fd:]: 0 == ftruncate(fd, finalFileSize) failed on line 790: No space left on device
2021-11-22 15:32:44.633 firefox-bin[72995:1587430] -[NSPersistentUIWindowSnapshotter writeWindowSnapshot:length:width:height:bytesPerRow:toFile:inDirectory:encryptingWithKey:uuid:checksum:fd:]: 0 == ftruncate(fd, fileLength) failed on line 861: No space left on device
console.error: "Could not write session state file " (new Error("", "(unknown module)")) ""
console.error: "Could not write session state file " (new Error("", "(unknown module)")) ""
console.error: "Error when attaching target:" (void 0)
console.error: "Exception while opening the toolbox" "undefined" (void 0)
JavaScript error: resource://devtools/client/framework/toolbox.js, line 968: TypeError: e is undefined
console.error: "Could not write session state file " (new Error("", "(unknown module)")) ""
JavaScript error: , line 0: uncaught exception: Object
JavaScript error: , line 0: NotReadableError: Could not open the file at /var/folders/s6/nxj_k6112bj7cnd89_8b9l0c0000gn/T/rust_mozprofilezsfQXw/crashes/store.json.mozlz4.tmp for writing
JavaScript error: , line 0: NotReadableError: Could not open the file at /var/folders/s6/nxj_k6112bj7cnd89_8b9l0c0000gn/T/rust_mozprofilezsfQXw/datareporting/state.json.tmp for writing
console.error: "Could not write session state file " (new Error("", "(unknown module)")) ""
JavaScript error: resource://devtools/client/framework/toolbox.js, line 2688: Error: Can't select tool, wait for toolbox 'ready' event
console.error: "Could not write session state file " (new Error("", "(unknown module)")) ""
JavaScript error: , line 0: uncaught exception: Object
Handler function BrowserTabList.prototype.onCloseWindow's delayed body threw an exception: TypeError: watcher.browserElement.browsingContext is null
Stack: destroyTargets@resource://devtools/server/actors/watcher/target-helpers/frame-helper.js:162:5
unwatchTargets@resource://devtools/server/actors/watcher.js:212:24
destroy@resource://devtools/server/actors/watcher.js:105:12
destroy@resource://devtools/shared/protocol/Pool.js:210:17
destroy@resource://devtools/shared/protocol/Actor.js:76:11
destroy@resource://devtools/server/actors/descriptors/tab.js:238:29
BrowserTabList.prototype._handleActorClose@resource://devtools/server/actors/webbrowser.js:429:9
BrowserTabList.prototype.onCloseWindow</<@resource://devtools/server/actors/webbrowser.js:678:16
exports.makeInfallible/<@resource://devtools/shared/ThreadSafeDevToolsUtils.js:103:22
Line: 162, column: 5
console.error: (new TypeError("watcher.browserElement.browsingContext is null", "resource://devtools/server/actors/watcher/target-helpers/frame-helper.js", 162))
JavaScript error: resource://devtools/server/connectors/js-window-actor/DevToolsFrameChild.jsm, line 316: Error: Trying to destroy a target actor that doesn't exists, or has already been destroyed. Watcher Actor ID:server0.conn0.watcher2
JavaScript error: resource://devtools/server/connectors/js-window-actor/DevToolsFrameChild.jsm, line 316: Error: Trying to destroy a target actor that doesn't exists, or has already been destroyed. Watcher Actor ID:server0.conn0.watcher2
JavaScript error: resource://devtools/server/connectors/js-window-actor/DevToolsFrameChild.jsm, line 316: Error: Trying to destroy a target actor that doesn't exists, or has already been destroyed. Watcher Actor ID:server0.conn0.watcher2
JavaScript error: resource://devtools/server/connectors/js-window-actor/DevToolsFrameChild.jsm, line 316: Error: Trying to destroy a target actor that doesn't exists, or has already been destroyed. Watcher Actor ID:server0.conn0.watcher2
JavaScript error: resource://devtools/client/framework/toolbox.js, line 3802: TypeError: this.toolbarButtons is undefined
console.error: "Could not write session state file " (new Error("", "(unknown module)")) ""
1637591672186	geckodriver	INFO	Listening on 127.0.0.1:56607
1637591678106	geckodriver	INFO	Listening on 127.0.0.1:56614
1637591683126	Marionette	INFO	Stopped listening on port 56504
1637591758307	geckodriver	INFO	Listening on 127.0.0.1:56694
1637591758827	mozrunner::runner	INFO	Running command: "/Applications/Firefox.app/Contents/MacOS/firefox-bin" "--marionette" "--remote-debugging-port" "56695" "-foreground" "-no-remote" "-profile" "/var/folders/s6/nxj_k6112bj7cnd89_8b9l0c0000gn/T/rust_mozprofileGgRuM0"
1637591759331	Marionette	INFO	Marionette enabled
console.warn: SearchSettings: "get: No settings file exists, new profile?" (new NotFoundError("Could not open the file at /var/folders/s6/nxj_k6112bj7cnd89_8b9l0c0000gn/T/rust_mozprofileGgRuM0/search.json.mozlz4", (void 0)))
JavaScript error: resource://gre/modules/PlacesUtils.jsm, line 1954: NS_ERROR_UNEXPECTED: Component returned failure code: 0x8000ffff (NS_ERROR_UNEXPECTED) [nsINavBookmarksService.tagsFolder]
JavaScript error: resource://gre/modules/PlacesUtils.jsm, line 1954: NS_ERROR_UNEXPECTED: Component returned failure code: 0x8000ffff (NS_ERROR_UNEXPECTED) [nsINavBookmarksService.tagsFolder]
console.error: SearchSettings: "_write: Could not write to settings file:" (new NotReadableError("Could not open the file at /var/folders/s6/nxj_k6112bj7cnd89_8b9l0c0000gn/T/rust_mozprofileGgRuM0/search.json.mozlz4 for writing", (void 0)))
console.warn: SearchSettings: "get: No settings file exists, new profile?" (new NotFoundError("Could not open the file at /var/folders/s6/nxj_k6112bj7cnd89_8b9l0c0000gn/T/rust_mozprofileGgRuM0/search.json.mozlz4", (void 0)))
JavaScript error: resource://gre/modules/PlacesUtils.jsm, line 1954: NS_ERROR_UNEXPECTED: Component returned failure code: 0x8000ffff (NS_ERROR_UNEXPECTED) [nsINavBookmarksService.tagsFolder]
JavaScript error: resource://gre/modules/PlacesUtils.jsm, line 1954: NS_ERROR_UNEXPECTED: Component returned failure code: 0x8000ffff (NS_ERROR_UNEXPECTED) [nsINavBookmarksService.tagsFolder]
JavaScript error: resource://gre/modules/PlacesUtils.jsm, line 1954: NS_ERROR_UNEXPECTED: Component returned failure code: 0x8000ffff (NS_ERROR_UNEXPECTED) [nsINavBookmarksService.tagsFolder]
JavaScript error: resource://gre/modules/PlacesUtils.jsm, line 1954: NS_ERROR_UNEXPECTED: Component returned failure code: 0x8000ffff (NS_ERROR_UNEXPECTED) [nsINavBookmarksService.tagsFolder]
JavaScript error: resource://gre/modules/PlacesUtils.jsm, line 1954: NS_ERROR_UNEXPECTED: Component returned failure code: 0x8000ffff (NS_ERROR_UNEXPECTED) [nsINavBookmarksService.tagsFolder]
JavaScript error: resource://gre/modules/PlacesUtils.jsm, line 1954: NS_ERROR_UNEXPECTED: Component returned failure code: 0x8000ffff (NS_ERROR_UNEXPECTED) [nsINavBookmarksService.tagsFolder]
JavaScript error: resource://gre/modules/PlacesUtils.jsm, line 1954: NS_ERROR_UNEXPECTED: Component returned failure code: 0x8000ffff (NS_ERROR_UNEXPECTED) [nsINavBookmarksService.tagsFolder]
JavaScript error: resource://gre/modules/PlacesUtils.jsm, line 1954: NS_ERROR_UNEXPECTED: Component returned failure code: 0x8000ffff (NS_ERROR_UNEXPECTED) [nsINavBookmarksService.tagsFolder]
JavaScript error: resource://gre/modules/PlacesUtils.jsm, line 1954: NS_ERROR_UNEXPECTED: Component returned failure code: 0x8000ffff (NS_ERROR_UNEXPECTED) [nsINavBookmarksService.tagsFolder]
[2021-11-22T14:36:01Z ERROR glean] Failed to initialize Glean: An I/O error occurred: No space left on device (os error 28)
JavaScript error: resource://gre/modules/PlacesUtils.jsm, line 1954: NS_ERROR_UNEXPECTED: Component returned failure code: 0x8000ffff (NS_ERROR_UNEXPECTED) [nsINavBookmarksService.tagsFolder]
console.error: BackgroundUpdate: 
  _reasonsToNotScheduleUpdates: Failed to check for Maintenance Service Registry Key: [Exception... "Component returned failure code: 0x80004001 (NS_ERROR_NOT_IMPLEMENTED) [nsIUpdateProcessor.getServiceRegKeyExists]"  nsresult: "0x80004001 (NS_ERROR_NOT_IMPLEMENTED)"  location: "JS frame :: resource://gre/modules/BackgroundUpdate.jsm :: _reasonsToNotScheduleUpdates :: line 243"  data: no]
DevTools listening on ws://localhost:56695/devtools/browser/5c2a95ea-126c-b243-9a41-ad6725b21785
JavaScript error: resource://gre/modules/PlacesUtils.jsm, line 1954: NS_ERROR_UNEXPECTED: Component returned failure code: 0x8000ffff (NS_ERROR_UNEXPECTED) [nsINavBookmarksService.tagsFolder]
1637591761974	Marionette	INFO	Listening on port 56702
1637591762060	RemoteAgent	WARN	TLS certificate errors will be ignored for this session
console.error: SearchSettings: "_write: Could not write to settings file:" (new NotReadableError("Could not open the file at /var/folders/s6/nxj_k6112bj7cnd89_8b9l0c0000gn/T/rust_mozprofileGgRuM0/search.json.mozlz4 for writing", (void 0)))
console.error: "Could not write session state file " (new Error("", "(unknown module)")) ""
JavaScript error: resource://gre/modules/NewTabUtils.jsm, line 1378: TypeError: conn is undefined
JavaScript error: resource://gre/modules/Sqlite.jsm, line 1110: NS_ERROR_FILE_ACCESS_DENIED: Could not open connection to /var/folders/s6/nxj_k6112bj7cnd89_8b9l0c0000gn/T/rust_mozprofileGgRuM0/protections.sqlite: 2152857621
2021-11-22 15:36:12.324 firefox-bin[73045:1590604] Persistent UI failed to open file file:///Users/manoharan/Library/Saved%20Application%20State/org.mozilla.firefox.savedState/window_1.data: No space left on device (28)
JavaScript error: resource://gre/modules/NewTabUtils.jsm, line 1378: TypeError: conn is undefined
console.error: "Could not write session state file " (new Error("", "(unknown module)")) ""
console.error: "Error when attaching target:" (void 0)
console.error: "Exception while opening the toolbox" "undefined" (void 0)
JavaScript error: resource://devtools/client/framework/toolbox.js, line 968: TypeError: e is undefined
console.error: "Could not write session state file " (new Error("", "(unknown module)")) ""
JavaScript error: resource://gre/modules/NewTabUtils.jsm, line 1378: TypeError: conn is undefined
console.error: "Could not write session state file " (new Error("", "(unknown module)")) ""
Handler function BrowserTabList.prototype.onCloseWindow's delayed body threw an exception: TypeError: watcher.browserElement.browsingContext is null
Stack: destroyTargets@resource://devtools/server/actors/watcher/target-helpers/frame-helper.js:162:5
unwatchTargets@resource://devtools/server/actors/watcher.js:212:24
destroy@resource://devtools/server/actors/watcher.js:105:12
destroy@resource://devtools/shared/protocol/Pool.js:210:17
destroy@resource://devtools/shared/protocol/Actor.js:76:11
destroy@resource://devtools/server/actors/descriptors/tab.js:238:29
BrowserTabList.prototype._handleActorClose@resource://devtools/server/actors/webbrowser.js:429:9
BrowserTabList.prototype.onCloseWindow</<@resource://devtools/server/actors/webbrowser.js:678:16
exports.makeInfallible/<@resource://devtools/shared/ThreadSafeDevToolsUtils.js:103:22
Line: 162, column: 5
console.error: (new TypeError("watcher.browserElement.browsingContext is null", "resource://devtools/server/actors/watcher/target-helpers/frame-helper.js", 162))
JavaScript error: resource://devtools/client/framework/toolbox.js, line 3802: TypeError: this.toolbarButtons is undefined
JavaScript error: resource://devtools/server/connectors/js-window-actor/DevToolsFrameChild.jsm, line 316: Error: Trying to destroy a target actor that doesn't exists, or has already been destroyed. Watcher Actor ID:server0.conn0.watcher2
JavaScript error: resource://devtools/server/connectors/js-window-actor/DevToolsFrameChild.jsm, line 316: Error: Trying to destroy a target actor that doesn't exists, or has already been destroyed. Watcher Actor ID:server0.conn0.watcher2
JavaScript error: resource://devtools/server/connectors/js-window-actor/DevToolsFrameChild.jsm, line 316: Error: Trying to destroy a target actor that doesn't exists, or has already been destroyed. Watcher Actor ID:server0.conn0.watcher2
JavaScript error: resource://devtools/server/connectors/js-window-actor/DevToolsFrameChild.jsm, line 316: Error: Trying to destroy a target actor that doesn't exists, or has already been destroyed. Watcher Actor ID:server0.conn0.watcher2
JavaScript error: , line 0: uncaught exception: Object
console.error: "Could not write session state file " (new Error("", "(unknown module)")) ""
